Arguments: 
  C:\Program Files\nodejs\node.exe C:\Users\aayem\AppData\Roaming\npm\node_modules\yarn\bin\yarn.js start

PATH: 
  C:\Program Files\Git\mingw64\bin;C:\Program Files\Git\usr\bin;C:\Users\aayem\bin;C:\Program Files\Git\mingw64\bin;C:\Program Files\Git\usr\bin;C:\Users\aayem\bin;C:\WINDOWS\system32;C:\WINDOWS;C:\WINDOWS\System32\Wbem;C:\WINDOWS\System32\WindowsPowerShell\v1.0;C:\Program Files (x86)\Skype\Phone;C:\Program Files\Git\cmd;C:\Program Files\nodejs;C:\WINDOWS\System32\OpenSSH;C:\Program Files\Microsoft VS Code\bin;C:\Users\aayem\AppData\Local\Microsoft\WindowsApps;C:\Program Files\Microsoft VS Code\bin;C:\Users\aayem\AppData\Roaming\npm;C:\Program Files\heroku\bin;C:\Program Files\MongoDB\Server\4.0\bin

Yarn version: 
  1.9.4

Node version: 
  8.11.2

Platform: 
  win32 x64

Trace: 
  SyntaxError: C:\Users\aayem\Desktop\_RCB-Work\clicky-game\package.json: Unexpected token } in JSON at position 198
      at JSON.parse (<anonymous>)
      at C:\Users\aayem\AppData\Roaming\npm\node_modules\yarn\lib\cli.js:1130:59
      at Generator.next (<anonymous>)
      at step (C:\Users\aayem\AppData\Roaming\npm\node_modules\yarn\lib\cli.js:92:30)
      at C:\Users\aayem\AppData\Roaming\npm\node_modules\yarn\lib\cli.js:103:13
      at <anonymous>

npm manifest: 
  {
    "name": "y",
    "version": "1.0.0",
    "main": "index.js",
    "repository": "https://github.com/Ayemae/clicky-game.git",
    "license": "MIT",
    
    "scripts": {
      "start": "react-scripts start",
    }
  }

yarn manifest: 
  No manifest

Lockfile: 
  # THIS IS AN AUTOGENERATED FILE. DO NOT EDIT THIS FILE DIRECTLY.
  # yarn lockfile v1
